app/proguard-rules.pro
# Add project specific ProGuard rules here.
# By default, the flags in this file are appended to flags specified
# in /Applications/Android Studio.app/sdk/tools/proguard/proguard-android.txt
# You can edit the include path and order by changing the proguardFiles
# directive in build.gradle.
#
# For more details, see
#   http://developer.android.com/guide/developing/tools/proguard.html

# Add any project specific keep options here:

# If your project uses WebView with JS, uncomment the following
# and specify the fully qualified class name to the JavaScript interface
# class:
#-keepclassmembers class fqcn.of.javascript.interface.for.webview {
#   public *;
#}

-dontpreverify
-repackageclasses ''
-allowaccessmodification
-optimizations !code/simplification/arithmetic
-keepattributes *Annotation*

-dontwarn javax.servlet.**
-dontwarn org.joda.time.**
-dontwarn org.w3c.dom.**

-keep public class com.appscreat.project.R
-keep class com.appscreat.project.** { *; }
-keep class android.support.v7.widget.SearchView { *; }

-keepparameternames
-renamesourcefileattribute SourceFile
-keepattributes Exceptions,InnerClasses,Signature,Deprecated,SourceFile,LineNumberTable,*Annotation*,EnclosingMethod

-keep public class * extends android.app.Activity
-keep public class * extends android.app.Application
-keep public class * extends android.app.Service
-keep public class * extends android.content.BroadcastReceiver
-keep public class * extends android.content.ContentProvider

-keep public class * extends android.view.View {
    public <init>(android.content.Context);
    public <init>(android.content.Context, android.util.AttributeSet);
    public <init>(android.content.Context, android.util.AttributeSet, int);
    public void set*(...);
}

-keepclasseswithmembers class * {
    public <init>(android.content.Context, android.util.AttributeSet);
}

-keepclasseswithmembers class * {
    public <init>(android.content.Context, android.util.AttributeSet, int);
}

-keepclassmembers class * extends android.content.Context {
   public void *(android.view.View);
   public void *(android.view.MenuItem);
}

-keepclassmembers class * implements android.os.Parcelable {
    static ** CREATOR;
}

-keepclassmembers class **.R$* {
    public static <fields>;
}

-keepclassmembers class * {
    @android.webkit.JavascriptInterface <methods>;
}