app/build/outputs/mapping/debug/seeds.txt
com.appscreat.project.App
com.appscreat.project.App: com.google.firebase.analytics.FirebaseAnalytics mFirebaseAnalytics
com.appscreat.project.App: android.content.Context context
com.appscreat.project.App: App()
com.appscreat.project.App: void onCreate()
com.appscreat.project.App: android.content.Context getAppContext()
com.appscreat.project.App: void initGoogleAnalytics()
com.appscreat.project.BuildConfig
com.appscreat.project.BuildConfig: boolean DEBUG
com.appscreat.project.BuildConfig: java.lang.String APPLICATION_ID
com.appscreat.project.BuildConfig: java.lang.String BUILD_TYPE
com.appscreat.project.BuildConfig: java.lang.String FLAVOR
com.appscreat.project.BuildConfig: int VERSION_CODE
com.appscreat.project.BuildConfig: java.lang.String VERSION_NAME
com.appscreat.project.BuildConfig: BuildConfig()
com.appscreat.project.BuildConfig: void <clinit>()
com.appscreat.project.Manifest
com.appscreat.project.Manifest: Manifest()
com.appscreat.project.Manifest$permission
com.appscreat.project.Manifest$permission: java.lang.String C2D_MESSAGE
com.appscreat.project.Manifest$permission: Manifest$permission()
com.appscreat.project.R
com.appscreat.project.R: R()
com.appscreat.project.R$anim
com.appscreat.project.R$anim: int abc_fade_in
com.appscreat.project.R$anim: int abc_fade_out
com.appscreat.project.R$anim: int abc_grow_fade_in_from_bottom
com.appscreat.project.R$anim: int abc_popup_enter
com.appscreat.project.R$anim: int abc_popup_exit
com.appscreat.project.R$anim: int abc_shrink_fade_out_from_bottom
com.appscreat.project.R$anim: int abc_slide_in_bottom
com.appscreat.project.R$anim: int abc_slide_in_top
com.appscreat.project.R$anim: int abc_slide_out_bottom
com.appscreat.project.R$anim: int abc_slide_out_top
com.appscreat.project.R$anim: int design_bottom_sheet_slide_in
com.appscreat.project.R$anim: int design_bottom_sheet_slide_out
com.appscreat.project.R$anim: int design_fab_in
com.appscreat.project.R$anim: int design_fab_out
com.appscreat.project.R$anim: int design_snackbar_in
com.appscreat.project.R$anim: int design_snackbar_out
com.appscreat.project.R$anim: int enter
com.appscreat.project.R$anim: int exit
com.appscreat.project.R$anim: int fab_scale_down
com.appscreat.project.R$anim: int fab_scale_up
com.appscreat.project.R$anim: int fab_slide_in_from_left
com.appscreat.project.R$anim: int fab_slide_in_from_right
com.appscreat.project.R$anim: int fab_slide_out_to_left
com.appscreat.project.R$anim: int fab_slide_out_to_right
com.appscreat.project.R$anim: int hide_to_bottom
com.appscreat.project.R$anim: int jump_from_down
com.appscreat.project.R$anim: int jump_to_down
com.appscreat.project.R$anim: int pop_enter
com.appscreat.project.R$animator
com.appscreat.project.R$animator: int design_appbar_state_list_animator
com.appscreat.project.R$animator: R$animator()
...
android.support.v7.cardview.R$attr: int cardBackgroundColor
android.support.v7.cardview.R$attr: int cardCornerRadius
android.support.v7.cardview.R$attr: int cardElevation
android.support.v7.cardview.R$attr: int cardMaxElevation
android.support.v7.cardview.R$attr: int cardPreventCornerOverlap
android.support.v7.cardview.R$attr: int cardUseCompatPadding
android.support.v7.cardview.R$attr: int contentPadding
android.support.v7.cardview.R$attr: int contentPaddingBottom
android.support.v7.cardview.R$attr: int contentPaddingLeft
android.support.v7.cardview.R$attr: int contentPaddingRight
android.support.v7.cardview.R$attr: int contentPaddingTop
android.support.v7.cardview.R$color: int cardview_dark_background
android.support.v7.cardview.R$color: int cardview_light_background
android.support.v7.cardview.R$color: int cardview_shadow_end_color
android.support.v7.cardview.R$color: int cardview_shadow_start_color
android.support.v7.cardview.R$dimen: int cardview_compat_inset_shadow
android.support.v7.cardview.R$dimen: int cardview_default_elevation
android.support.v7.cardview.R$dimen: int cardview_default_radius
android.support.v7.cardview.R$style: int Base_CardView
android.support.v7.cardview.R$style: int CardView
android.support.v7.cardview.R$style: int CardView_Dark
android.support.v7.cardview.R$style: int CardView_Light
android.support.v7.cardview.R$styleable: int[] CardView
android.support.v7.cardview.R$styleable: int CardView_android_minHeight
android.support.v7.cardview.R$styleable: int CardView_android_minWidth
android.support.v7.cardview.R$styleable: int CardView_cardBackgroundColor
android.support.v7.cardview.R$styleable: int CardView_cardCornerRadius
android.support.v7.cardview.R$styleable: int CardView_cardElevation
android.support.v7.cardview.R$styleable: int CardView_cardMaxElevation
android.support.v7.cardview.R$styleable: int CardView_cardPreventCornerOverlap
android.support.v7.cardview.R$styleable: int CardView_cardUseCompatPadding
android.support.v7.cardview.R$styleable: int CardView_contentPadding
android.support.v7.cardview.R$styleable: int CardView_contentPaddingBottom
android.support.v7.cardview.R$styleable: int CardView_contentPaddingLeft
android.support.v7.cardview.R$styleable: int CardView_contentPaddingRight
android.support.v7.cardview.R$styleable: int CardView_contentPaddingTop
android.support.v7.recyclerview.R$attr: int layoutManager
android.support.v7.recyclerview.R$attr: int reverseLayout
android.support.v7.recyclerview.R$attr: int spanCount
android.support.v7.recyclerview.R$attr: int stackFromEnd
android.support.v7.recyclerview.R$dimen: int item_touch_helper_max_drag_scroll_per_frame
android.support.v7.recyclerview.R$dimen: int item_touch_helper_swipe_escape_max_velocity
android.support.v7.recyclerview.R$dimen: int item_touch_helper_swipe_escape_velocity
android.support.v7.recyclerview.R$id: int item_touch_helper_previous_elevation
android.support.v7.recyclerview.R$styleable: int[] RecyclerView
android.support.v7.recyclerview.R$styleable: int RecyclerView_android_descendantFocusability
android.support.v7.recyclerview.R$styleable: int RecyclerView_android_orientation
android.support.v7.recyclerview.R$styleable: int RecyclerView_layoutManager
android.support.v7.recyclerview.R$styleable: int RecyclerView_reverseLayout
android.support.v7.recyclerview.R$styleable: int RecyclerView_spanCount
android.support.v7.recyclerview.R$styleable: int RecyclerView_stackFromEnd