app/build/outputs/mapping/debug/mapping.txt
com.appscreat.project.App -> com.appscreat.project.App:
    com.google.firebase.analytics.FirebaseAnalytics mFirebaseAnalytics -> mFirebaseAnalytics
    android.content.Context context -> context
    11:11:void <init>() -> <init>
    18:22:void onCreate() -> onCreate
    25:25:android.content.Context getAppContext() -> getAppContext
    29:40:void initGoogleAnalytics() -> initGoogleAnalytics
com.appscreat.project.BuildConfig -> com.appscreat.project.BuildConfig:
    boolean DEBUG -> DEBUG
    java.lang.String APPLICATION_ID -> APPLICATION_ID
    java.lang.String BUILD_TYPE -> BUILD_TYPE
    java.lang.String FLAVOR -> FLAVOR
    int VERSION_CODE -> VERSION_CODE
    java.lang.String VERSION_NAME -> VERSION_NAME
    6:6:void <init>() -> <init>
    7:7:void <clinit>() -> <clinit>
com.appscreat.project.Manifest -> com.appscreat.project.Manifest:
    10:10:void <init>() -> <init>
com.appscreat.project.Manifest$permission -> com.appscreat.project.Manifest$permission:
    java.lang.String C2D_MESSAGE -> C2D_MESSAGE
    11:11:void <init>() -> <init>
com.appscreat.project.R -> com.appscreat.project.R:
    10:10:void <init>() -> <init>
com.appscreat.project.R$anim -> com.appscreat.project.R$anim:
    int abc_fade_in -> abc_fade_in
    int abc_fade_out -> abc_fade_out
    int abc_grow_fade_in_from_bottom -> abc_grow_fade_in_from_bottom
    int abc_popup_enter -> abc_popup_enter
    int abc_popup_exit -> abc_popup_exit
    int abc_shrink_fade_out_from_bottom -> abc_shrink_fade_out_from_bottom
    int abc_slide_in_bottom -> abc_slide_in_bottom
    int abc_slide_in_top -> abc_slide_in_top
    int abc_slide_out_bottom -> abc_slide_out_bottom
    int abc_slide_out_top -> abc_slide_out_top
    int design_bottom_sheet_slide_in -> design_bottom_sheet_slide_in
    int design_bottom_sheet_slide_out -> design_bottom_sheet_slide_out
    int design_fab_in -> design_fab_in
    int design_fab_out -> design_fab_out
    int design_snackbar_in -> design_snackbar_in
    int design_snackbar_out -> design_snackbar_out
    int enter -> enter
    int exit -> exit
    int fab_scale_down -> fab_scale_down
    int fab_scale_up -> fab_scale_up
    int fab_slide_in_from_left -> fab_slide_in_from_left
    int fab_slide_in_from_right -> fab_slide_in_from_right
    int fab_slide_out_to_left -> fab_slide_out_to_left
    int fab_slide_out_to_right -> fab_slide_out_to_right
    int hide_to_bottom -> hide_to_bottom
    int jump_from_down -> jump_from_down
    int jump_to_down -> jump_to_down
    int pop_enter -> pop_enter
    int pop_exit -> pop_exit
    int scale_down -> scale_down
    int scale_up -> scale_up
com.appscreat.project.R$animator -> com.appscreat.project.R$animator:
    int design_appbar_state_list_animator -> design_appbar_state_list_animator
    45:45:void <init>() -> <init>
...
android.support.design.widget.BaseTransientBottomBar$9 -> l$8:
    int val$event -> a
    android.support.design.widget.BaseTransientBottomBar this$0 -> b
    535:535:void <init>(android.support.design.widget.BaseTransientBottomBar,int) -> <init>
    538:539:void onAnimationStart(android.view.View) -> a
    543:544:void onAnimationEnd(android.view.View) -> b
android.support.design.widget.BaseTransientBottomBar$BaseCallback -> l$a:
    67:80:void <init>() -> <init>
    100:100:void onDismissed(java.lang.Object,int) -> a
    110:110:void onShown(java.lang.Object) -> a
android.support.design.widget.BaseTransientBottomBar$Behavior -> l$b:
    android.support.design.widget.BaseTransientBottomBar this$0 -> a
    682:682:void <init>(android.support.design.widget.BaseTransientBottomBar) -> <init>
    685:685:boolean canSwipeDismissView(android.view.View) -> a
    693:705:boolean onInterceptTouchEvent(android.support.design.widget.CoordinatorLayout,android.support.design.widget.BaseTransientBottomBar$SnackbarBaseLayout,android.view.MotionEvent) -> a
    682:682:boolean onInterceptTouchEvent(android.support.design.widget.CoordinatorLayout,android.view.View,android.view.MotionEvent) -> a
android.support.design.widget.BaseTransientBottomBar$ContentViewCallback -> l$c:
    void animateContentIn(int,int) -> a
    void animateContentOut(int,int) -> b
android.support.design.widget.BaseTransientBottomBar$OnAttachStateChangeListener -> l$d:
    void onViewAttachedToWindow(android.view.View) -> a
    void onViewDetachedFromWindow(android.view.View) -> b
android.support.design.widget.BaseTransientBottomBar$OnLayoutChangeListener -> l$e:
    void onLayoutChange(android.view.View,int,int,int,int) -> a
android.support.design.widget.BaseTransientBottomBar$SnackbarBaseLayout -> l$f:
    android.support.design.widget.BaseTransientBottomBar$OnLayoutChangeListener mOnLayoutChangeListener -> a
    android.support.design.widget.BaseTransientBottomBar$OnAttachStateChangeListener mOnAttachStateChangeListener -> b
    630:631:void <init>(android.content.Context) -> <init>
    634:643:void <init>(android.content.Context,android.util.AttributeSet) -> <init>
    647:651:void onLayout(boolean,int,int,int,int) -> onLayout
    655:661:void onAttachedToWindow() -> onAttachedToWindow
    665:669:void onDetachedFromWindow() -> onDetachedFromWindow
    673:674:void setOnLayoutChangeListener(android.support.design.widget.BaseTransientBottomBar$OnLayoutChangeListener) -> setOnLayoutChangeListener
    678:679:void setOnAttachStateChangeListener(android.support.design.widget.BaseTransientBottomBar$OnAttachStateChangeListener) -> setOnAttachStateChangeListener