app/build/outputs/mapping/debug/usage.txt
com.google.android.gms.common.zza:
    public android.os.IBinder zzuy()
com.google.android.gms.common.zzc:
    public static final java.lang.String GOOGLE_PLAY_SERVICES_PACKAGE
    public void zzam(android.content.Context)
    public java.lang.String getOpenSourceSoftwareLicenseInfo(android.content.Context)
com.google.android.gms.common.zze:
    public static final java.lang.String GOOGLE_PLAY_SERVICES_PACKAGE
    public static final java.lang.String GOOGLE_PLAY_STORE_PACKAGE
    zze()
    public static void zzZ(android.content.Context)
    public static android.app.PendingIntent getErrorPendingIntent(int,android.content.Context,int)
    public static java.lang.String getOpenSourceSoftwareLicenseInfo(android.content.Context)
    public static boolean zze(android.content.Context,int)
com.google.android.gms.dynamic.LifecycleDelegate
com.google.android.gms.dynamic.zza
com.google.android.gms.dynamic.zza$1
com.google.android.gms.dynamic.zza$2
com.google.android.gms.dynamic.zza$3
com.google.android.gms.dynamic.zza$4
com.google.android.gms.dynamic.zza$5
com.google.android.gms.dynamic.zza$6
com.google.android.gms.dynamic.zza$7
com.google.android.gms.dynamic.zza$zza
com.google.android.gms.dynamic.zzb
com.google.android.gms.dynamic.zzc
com.google.android.gms.dynamic.zzc$zza
com.google.android.gms.dynamic.zzc$zza$zza
com.google.android.gms.dynamic.zzf
com.google.android.gms.dynamic.zzh
com.google.android.gms.dynamite.DynamiteModule:
    public static int zzB(android.content.Context,java.lang.String)
com.google.android.gms.internal.zzaaa:
    public com.google.android.gms.internal.zzzv$zza zza(com.google.android.gms.internal.zzzv$zza)
    public com.google.android.gms.common.ConnectionResult getConnectionResult(com.google.android.gms.common.api.Api)
    public com.google.android.gms.common.ConnectionResult blockingConnect()
    public com.google.android.gms.common.ConnectionResult blockingConnect(long,java.util.concurrent.TimeUnit)
    public boolean isConnecting()
    public boolean zza(com.google.android.gms.internal.zzabi)
    public void zzuN()
com.google.android.gms.internal.zzaaa$1:
    zzaaa$1(com.google.android.gms.internal.zzaaa)
com.google.android.gms.internal.zzaab:
    public com.google.android.gms.common.api.Api$zze zzvr()
com.google.android.gms.internal.zzaac:
    public com.google.android.gms.internal.zzzv$zza zza(com.google.android.gms.internal.zzzv$zza)
    public com.google.android.gms.common.ConnectionResult blockingConnect()
    public com.google.android.gms.common.ConnectionResult blockingConnect(long,java.util.concurrent.TimeUnit)
    public com.google.android.gms.common.ConnectionResult getConnectionResult(com.google.android.gms.common.api.Api)
    public boolean isConnecting()
    public boolean zza(com.google.android.gms.internal.zzabi)
    public void zzuN()
com.google.android.gms.internal.zzaad:
    void zza(com.google.android.gms.tasks.TaskCompletionSource,boolean)
    static synthetic java.util.Map zzb(com.google.android.gms.internal.zzaad)
com.google.android.gms.internal.zzaad$2
com.google.android.gms.internal.zzaae:
    public static void zza(android.app.Activity,com.google.android.gms.internal.zzaap,com.google.android.gms.internal.zzzs)
    private zzaae(com.google.android.gms.internal.zzaax)
    private void zza(com.google.android.gms.internal.zzzs)
com.google.android.gms.internal.zzaaf
com.google.android.gms.internal.zzaag